2011-09-02 07:27:17	DEBUG	INFORMATION	USERS	GET	Validating The Current User with UserIdadmin; User Password:admin
2011-09-02 07:27:17	DEBUG	INFORMATION	USERS	GET	Getting List Of all the Users
2011-09-02 07:27:17	DEBUG	INFORMATION	CENSUS	GET	Getting List Of Census Admission from Sub Heads According to the given HeadId1
2011-09-02 07:27:18	DEBUG	INFORMATION	CENSUS	GET	Getting List Of Census Admission from Sub Heads According to the given HeadId2
2011-09-02 07:27:18	DEBUG	INFORMATION	CENSUS	GET	Getting List Of Census Admission from Sub Heads According to the given HeadId3
2011-09-02 07:27:18	DEBUG	INFORMATION	CENSUS	GET	Getting List Of Census Admission from Sub Heads According to the given HeadId4
2011-09-02 07:27:18	DEBUG	INFORMATION	CENSUS	GET	Getting List of Census Admission Transportation
2011-09-02 07:27:18	DEBUG	INFORMATION	USERS	GET	Getting all the information of Users
2011-09-02 07:27:18	DEBUG	INFORMATION	USERS_NURSE	GET	Getting The Nurse Record
2011-09-02 07:27:18	DEBUG	INFORMATION	USERS	GET	Getting all the information of Users
2011-09-02 07:27:18	DEBUG	INFORMATION	SECURITY	GET	Getting Security Role
2011-09-02 07:27:18	DEBUG	INFORMATION	SECURITY	GET	Getting Security Role
2011-09-02 07:27:18	DEBUG	INFORMATION	USER_LOGON	UPDATE	Inserting Or Updating User Logon With UserID:59
2011-09-02 07:27:21	DEBUG	INFORMATION	ADMIN_SCREENSAVER	GET	Getting Screen Saver Config
2011-09-02 07:27:28	DEBUG	INFORMATION	GENERAL	GET	Getting Resident Main with status
2011-09-02 07:27:28	DEBUG	INFORMATION	GENERAL	GET	Getting Resident Main with find fname ss1 and status 
2011-09-02 07:27:29	DEBUG	INFORMATION	GENERAL	GET	Getting Resident with serial130
2011-09-02 07:27:29	DEBUG	INFORMATION	GENERAL	GET	getting Resident Payers New Status
2011-09-02 07:27:30	DEBUG	INFORMATION	GENERAL	GET	Getting Resident with serial130
2011-09-02 07:27:31	DEBUG	INFORMATION	GENERAL	GET	Getting Resident with serial130
2011-09-02 07:27:32	DEBUG	INFORMATION	GENERAL	GET	Getting Resident with serial130
2011-09-02 07:27:32	DEBUG	INFORMATION	GENERAL	GET	Getting Resident with serial130
2011-09-02 07:27:32	DEBUG	INFORMATION	GENERAL	GET	Getting Resident with serial130
2011-09-02 07:27:32	DEBUG	INFORMATION	GENERAL	GET	Getting Resident with serial130
2011-09-02 07:27:32	DEBUG	INFORMATION	GENERAL	GET	Getting Resident with serial130
2011-09-02 07:27:32	DEBUG	INFORMATION	GENERAL	GET	Getting Resident with serial130
2011-09-02 07:27:40	DEBUG	INFORMATION	GENERAL	GET	Getting Resident with serial53
2011-09-02 07:27:40	DEBUG	INFORMATION	GENERAL	GET	getting Resident Payers New Status
2011-09-02 07:27:40	DEBUG	INFORMATION	GENERAL	GET	Getting Resident with serial53
2011-09-02 07:27:40	DEBUG	INFORMATION	GENERAL	GET	Getting Resident with serial53
2011-09-02 07:27:40	DEBUG	INFORMATION	GENERAL	GET	Getting Resident with serial53
2011-09-02 07:27:40	DEBUG	INFORMATION	GENERAL	GET	Getting Resident with serial53
2011-09-02 07:27:40	DEBUG	INFORMATION	GENERAL	GET	Getting Resident with serial53
2011-09-02 07:27:40	DEBUG	INFORMATION	GENERAL	GET	getting Resident Payers New Status
2011-09-02 07:27:40	DEBUG	INFORMATION	GENERAL	GET	Getting Resident with serial53
2011-09-02 07:27:40	DEBUG	INFORMATION	GENERAL	GET	Getting Resident with serial53
2011-09-02 07:27:41	DEBUG	INFORMATION	GENERAL	GET	Getting Resident with serial53
2011-09-02 07:27:41	DEBUG	INFORMATION	GENERAL	GET	Getting Resident with serial53
2011-09-02 07:27:42	DEBUG	INFORMATION	GENERAL	GET	Getting Resident with serial166
2011-09-02 07:27:42	DEBUG	INFORMATION	GENERAL	GET	getting Resident Payers New Status
2011-09-02 07:27:42	DEBUG	INFORMATION	GENERAL	GET	Getting Resident with serial166
2011-09-02 07:27:42	DEBUG	INFORMATION	GENERAL	GET	Getting Resident with serial166
2011-09-02 07:27:42	DEBUG	INFORMATION	GENERAL	GET	Getting Resident with serial166
2011-09-02 07:27:42	DEBUG	INFORMATION	GENERAL	GET	Getting Resident with serial166
2011-09-02 07:27:42	DEBUG	INFORMATION	GENERAL	GET	Getting Resident with serial166
2011-09-02 07:27:42	DEBUG	INFORMATION	GENERAL	GET	getting Resident Payers New Status
2011-09-02 07:27:42	DEBUG	INFORMATION	GENERAL	GET	Getting Resident with serial166
2011-09-02 07:27:42	DEBUG	INFORMATION	GENERAL	GET	Getting Resident with serial166
2011-09-02 07:27:42	DEBUG	INFORMATION	GENERAL	GET	Getting Resident with serial166
2011-09-02 07:27:42	DEBUG	INFORMATION	GENERAL	GET	Getting Resident with serial166
2011-09-02 07:27:43	DEBUG	INFORMATION	GENERAL	GET	Getting Resident with serial102
2011-09-02 07:27:43	DEBUG	INFORMATION	GENERAL	GET	getting Resident Payers New Status
2011-09-02 07:27:43	DEBUG	INFORMATION	GENERAL	GET	Getting Resident with serial102
2011-09-02 07:27:43	DEBUG	INFORMATION	GENERAL	GET	Getting Resident with serial102
2011-09-02 07:27:43	DEBUG	INFORMATION	GENERAL	GET	Getting Resident with serial102
2011-09-02 07:27:43	DEBUG	INFORMATION	GENERAL	GET	Getting Resident with serial102
2011-09-02 07:27:43	DEBUG	INFORMATION	GENERAL	GET	Getting Resident with serial102
2011-09-02 07:27:43	DEBUG	INFORMATION	GENERAL	GET	getting Resident Payers New Status
2011-09-02 07:27:43	DEBUG	INFORMATION	GENERAL	GET	Getting Resident with serial102
2011-09-02 07:27:43	DEBUG	INFORMATION	GENERAL	GET	Getting Resident with serial102
2011-09-02 07:27:43	DEBUG	INFORMATION	GENERAL	GET	Getting Resident with serial102
2011-09-02 07:27:43	DEBUG	INFORMATION	GENERAL	GET	Getting Resident with serial102
2011-09-02 07:27:44	DEBUG	INFORMATION	GENERAL	GET	Getting Resident with serial48
2011-09-02 07:27:44	DEBUG	INFORMATION	GENERAL	GET	getting Resident Payers New Status
2011-09-02 07:27:44	DEBUG	INFORMATION	GENERAL	GET	Getting Resident with serial48
2011-09-02 07:27:44	DEBUG	INFORMATION	GENERAL	GET	Getting Resident with serial48
2011-09-02 07:27:44	DEBUG	INFORMATION	GENERAL	GET	Getting Resident with serial48
2011-09-02 07:27:44	DEBUG	INFORMATION	GENERAL	GET	Getting Resident with serial48
2011-09-02 07:27:44	DEBUG	INFORMATION	GENERAL	GET	Getting Resident with serial48
2011-09-02 07:27:44	DEBUG	INFORMATION	GENERAL	GET	getting Resident Payers New Status
2011-09-02 07:27:44	DEBUG	INFORMATION	GENERAL	GET	Getting Resident with serial48
2011-09-02 07:27:45	DEBUG	INFORMATION	GENERAL	GET	Getting Resident with serial48
2011-09-02 07:27:45	DEBUG	INFORMATION	GENERAL	GET	Getting Resident with serial48
2011-09-02 07:27:45	DEBUG	INFORMATION	GENERAL	GET	Getting Resident with serial48
2011-09-02 07:27:45	DEBUG	INFORMATION	GENERAL	GET	Getting Resident with serial96
2011-09-02 07:27:45	DEBUG	INFORMATION	GENERAL	GET	getting Resident Payers New Status
2011-09-02 07:27:45	DEBUG	INFORMATION	GENERAL	GET	Getting Resident with serial96
2011-09-02 07:27:45	DEBUG	INFORMATION	GENERAL	GET	Getting Resident with serial96
2011-09-02 07:27:45	DEBUG	INFORMATION	GENERAL	GET	Getting Resident with serial96
2011-09-02 07:27:45	DEBUG	INFORMATION	GENERAL	GET	Getting Resident with serial96
2011-09-02 07:27:45	DEBUG	INFORMATION	GENERAL	GET	Getting Resident with serial96
2011-09-02 07:27:45	DEBUG	INFORMATION	GENERAL	GET	getting Resident Payers New Status
2011-09-02 07:27:45	DEBUG	INFORMATION	GENERAL	GET	Getting Resident with serial96
2011-09-02 07:27:46	DEBUG	INFORMATION	GENERAL	GET	Getting Resident with serial96
2011-09-02 07:27:46	DEBUG	INFORMATION	GENERAL	GET	Getting Resident with serial96
2011-09-02 07:27:46	DEBUG	INFORMATION	GENERAL	GET	Getting Resident with serial96
2011-09-02 07:27:46	DEBUG	INFORMATION	GENERAL	GET	Getting Resident with serial40
2011-09-02 07:27:46	DEBUG	INFORMATION	GENERAL	GET	getting Resident Payers New Status
2011-09-02 07:27:46	DEBUG	INFORMATION	GENERAL	GET	Getting Resident with serial40
2011-09-02 07:27:46	DEBUG	INFORMATION	GENERAL	GET	Getting Resident with serial40
2011-09-02 07:27:46	DEBUG	INFORMATION	GENERAL	GET	Getting Resident with serial40
2011-09-02 07:27:46	DEBUG	INFORMATION	GENERAL	GET	Getting Resident with serial40
2011-09-02 07:27:47	DEBUG	INFORMATION	GENERAL	GET	Getting Resident with serial40
2011-09-02 07:27:47	DEBUG	INFORMATION	GENERAL	GET	getting Resident Payers New Status
2011-09-02 07:27:47	DEBUG	INFORMATION	GENERAL	GET	Getting Resident with serial40
2011-09-02 07:27:47	DEBUG	INFORMATION	GENERAL	GET	Getting Resident with serial40
2011-09-02 07:27:47	DEBUG	INFORMATION	GENERAL	GET	Getting Resident with serial40
2011-09-02 07:27:47	DEBUG	INFORMATION	GENERAL	GET	Getting Resident with serial40
2011-09-02 07:27:47	DEBUG	INFORMATION	GENERAL	GET	Getting Resident with serial145
2011-09-02 07:27:47	DEBUG	INFORMATION	GENERAL	GET	getting Resident Payers New Status
2011-09-02 07:27:47	DEBUG	INFORMATION	GENERAL	GET	Getting Resident with serial145
2011-09-02 07:27:47	DEBUG	INFORMATION	GENERAL	GET	Getting Resident with serial145
2011-09-02 07:27:48	DEBUG	INFORMATION	GENERAL	GET	Getting Resident with serial145
2011-09-02 07:27:48	DEBUG	INFORMATION	GENERAL	GET	Getting Resident with serial145
2011-09-02 07:27:48	DEBUG	INFORMATION	GENERAL	GET	Getting Resident with serial145
2011-09-02 07:27:48	DEBUG	INFORMATION	GENERAL	GET	getting Resident Payers New Status
2011-09-02 07:27:48	DEBUG	INFORMATION	GENERAL	GET	Getting Resident with serial145
2011-09-02 07:27:48	DEBUG	INFORMATION	GENERAL	GET	Getting Resident with serial145
2011-09-02 07:27:48	DEBUG	INFORMATION	GENERAL	GET	Getting Resident with serial145
2011-09-02 07:27:48	DEBUG	INFORMATION	GENERAL	GET	Getting Resident with serial145
2011-09-02 07:27:48	DEBUG	INFORMATION	GENERAL	GET	Getting Resident with serial175
2011-09-02 07:27:48	DEBUG	INFORMATION	GENERAL	GET	getting Resident Payers New Status
2011-09-02 07:27:48	DEBUG	INFORMATION	GENERAL	GET	Getting Resident with serial175
2011-09-02 07:27:48	DEBUG	INFORMATION	GENERAL	GET	Getting Resident with serial175
2011-09-02 07:27:49	DEBUG	INFORMATION	GENERAL	GET	Getting Resident with serial175
2011-09-02 07:27:49	DEBUG	INFORMATION	GENERAL	GET	Getting Resident with serial175
2011-09-02 07:27:49	DEBUG	INFORMATION	GENERAL	GET	Getting Resident with serial175
2011-09-02 07:27:49	DEBUG	INFORMATION	GENERAL	GET	getting Resident Payers New Status
2011-09-02 07:27:49	DEBUG	INFORMATION	GENERAL	GET	Getting Resident with serial175
2011-09-02 07:27:49	DEBUG	INFORMATION	GENERAL	GET	Getting Resident with serial175
2011-09-02 07:27:49	DEBUG	INFORMATION	GENERAL	GET	Getting Resident with serial175
2011-09-02 07:27:49	DEBUG	INFORMATION	GENERAL	GET	Getting Resident with serial175
2011-09-02 07:27:49	DEBUG	INFORMATION	GENERAL	GET	Getting Resident with serial116
2011-09-02 07:27:49	DEBUG	INFORMATION	GENERAL	GET	getting Resident Payers New Status
2011-09-02 07:27:49	DEBUG	INFORMATION	GENERAL	GET	Getting Resident with serial116
2011-09-02 07:27:49	DEBUG	INFORMATION	GENERAL	GET	Getting Resident with serial116
2011-09-02 07:27:49	DEBUG	INFORMATION	GENERAL	GET	Getting Resident with serial116
2011-09-02 07:27:49	DEBUG	INFORMATION	GENERAL	GET	Getting Resident with serial116
2011-09-02 07:27:49	DEBUG	INFORMATION	GENERAL	GET	Getting Resident with serial116
2011-09-02 07:27:49	DEBUG	INFORMATION	GENERAL	GET	getting Resident Payers New Status
2011-09-02 07:27:49	DEBUG	INFORMATION	GENERAL	GET	Getting Resident with serial116
2011-09-02 07:27:50	DEBUG	INFORMATION	GENERAL	GET	Getting Resident with serial116
2011-09-02 07:27:50	DEBUG	INFORMATION	GENERAL	GET	Getting Resident with serial116
2011-09-02 07:27:50	DEBUG	INFORMATION	GENERAL	GET	Getting Resident with serial116
2011-09-02 07:27:50	DEBUG	INFORMATION	GENERAL	GET	Getting Resident with serial167
2011-09-02 07:27:50	DEBUG	INFORMATION	GENERAL	GET	getting Resident Payers New Status
2011-09-02 07:27:50	DEBUG	INFORMATION	GENERAL	GET	Getting Resident with serial167
2011-09-02 07:27:50	DEBUG	INFORMATION	GENERAL	GET	Getting Resident with serial167
2011-09-02 07:27:50	DEBUG	INFORMATION	GENERAL	GET	Getting Resident with serial167
2011-09-02 07:27:50	DEBUG	INFORMATION	GENERAL	GET	Getting Resident with serial167
2011-09-02 07:27:50	DEBUG	INFORMATION	GENERAL	GET	Getting Resident with serial167
2011-09-02 07:27:50	DEBUG	INFORMATION	GENERAL	GET	getting Resident Payers New Status
2011-09-02 07:27:50	DEBUG	INFORMATION	GENERAL	GET	Getting Resident with serial167
2011-09-02 07:27:50	DEBUG	INFORMATION	GENERAL	GET	Getting Resident with serial167
2011-09-02 07:27:51	DEBUG	INFORMATION	GENERAL	GET	Getting Resident with serial167
2011-09-02 07:27:51	DEBUG	INFORMATION	GENERAL	GET	Getting Resident with serial167
2011-09-02 07:27:51	DEBUG	INFORMATION	GENERAL	GET	Getting Resident with serial132
2011-09-02 07:27:51	DEBUG	INFORMATION	GENERAL	GET	getting Resident Payers New Status
2011-09-02 07:27:51	DEBUG	INFORMATION	GENERAL	GET	Getting Resident with serial132
2011-09-02 07:27:51	DEBUG	INFORMATION	GENERAL	GET	Getting Resident with serial132
2011-09-02 07:27:51	DEBUG	INFORMATION	GENERAL	GET	Getting Resident with serial132
2011-09-02 07:27:51	DEBUG	INFORMATION	GENERAL	GET	Getting Resident with serial132
2011-09-02 07:27:51	DEBUG	INFORMATION	GENERAL	GET	Getting Resident with serial132
2011-09-02 07:27:51	DEBUG	INFORMATION	GENERAL	GET	getting Resident Payers New Status
2011-09-02 07:27:51	DEBUG	INFORMATION	GENERAL	GET	Getting Resident with serial132
2011-09-02 07:27:51	DEBUG	INFORMATION	GENERAL	GET	Getting Resident with serial132
2011-09-02 07:27:51	DEBUG	INFORMATION	GENERAL	GET	Getting Resident with serial132
2011-09-02 07:27:51	DEBUG	INFORMATION	GENERAL	GET	Getting Resident with serial132
2011-09-02 07:27:52	DEBUG	INFORMATION	GENERAL	GET	Getting Resident with serial69
2011-09-02 07:27:52	DEBUG	INFORMATION	GENERAL	GET	getting Resident Payers New Status
2011-09-02 07:27:52	DEBUG	INFORMATION	GENERAL	GET	Getting Resident with serial69
2011-09-02 07:27:52	DEBUG	INFORMATION	GENERAL	GET	Getting Resident with serial69
2011-09-02 07:27:52	DEBUG	INFORMATION	GENERAL	GET	Getting Resident with serial69
2011-09-02 07:27:52	DEBUG	INFORMATION	GENERAL	GET	Getting Resident with serial69
2011-09-02 07:27:52	DEBUG	INFORMATION	GENERAL	GET	Getting Resident with serial69
2011-09-02 07:27:52	DEBUG	INFORMATION	GENERAL	GET	getting Resident Payers New Status
2011-09-02 07:27:52	DEBUG	INFORMATION	GENERAL	GET	Getting Resident with serial69
2011-09-02 07:27:52	DEBUG	INFORMATION	GENERAL	GET	Getting Resident with serial69
2011-09-02 07:27:52	DEBUG	INFORMATION	GENERAL	GET	Getting Resident with serial69
2011-09-02 07:27:52	DEBUG	INFORMATION	GENERAL	GET	Getting Resident with serial69
2011-09-02 07:27:53	DEBUG	INFORMATION	GENERAL	GET	Getting Resident with serial32
2011-09-02 07:27:53	DEBUG	INFORMATION	GENERAL	GET	getting Resident Payers New Status
2011-09-02 07:27:53	DEBUG	INFORMATION	GENERAL	GET	Getting Resident with serial32
2011-09-02 07:27:53	DEBUG	INFORMATION	GENERAL	GET	Getting Resident with serial32
2011-09-02 07:27:53	DEBUG	INFORMATION	GENERAL	GET	Getting Resident with serial32
2011-09-02 07:27:53	DEBUG	INFORMATION	GENERAL	GET	Getting Resident with serial32
2011-09-02 07:27:53	DEBUG	INFORMATION	GENERAL	GET	Getting Resident with serial32
2011-09-02 07:27:53	DEBUG	INFORMATION	GENERAL	GET	getting Resident Payers New Status
2011-09-02 07:27:53	DEBUG	INFORMATION	GENERAL	GET	Getting Resident with serial32
2011-09-02 07:27:53	DEBUG	INFORMATION	GENERAL	GET	Getting Resident with serial32
2011-09-02 07:27:53	DEBUG	INFORMATION	GENERAL	GET	Getting Resident with serial32
2011-09-02 07:27:53	DEBUG	INFORMATION	GENERAL	GET	Getting Resident with serial32
2011-09-02 07:27:54	DEBUG	INFORMATION	GENERAL	GET	Getting Resident with serial256
2011-09-02 07:27:54	DEBUG	INFORMATION	GENERAL	GET	getting Resident Payers New Status
2011-09-02 07:27:54	DEBUG	INFORMATION	GENERAL	GET	Getting Resident with serial256
2011-09-02 07:27:54	DEBUG	INFORMATION	GENERAL	GET	Getting Resident with serial256
2011-09-02 07:27:54	DEBUG	INFORMATION	GENERAL	GET	Getting Resident with serial256
2011-09-02 07:27:54	DEBUG	INFORMATION	GENERAL	GET	Getting Resident with serial256
2011-09-02 07:27:54	DEBUG	INFORMATION	GENERAL	GET	Getting Resident with serial256
2011-09-02 07:27:54	DEBUG	INFORMATION	GENERAL	GET	getting Resident Payers New Status
2011-09-02 07:27:54	DEBUG	INFORMATION	GENERAL	GET	Getting Resident with serial256
2011-09-02 07:27:54	DEBUG	INFORMATION	GENERAL	GET	Getting Resident with serial256
2011-09-02 07:27:54	DEBUG	INFORMATION	GENERAL	GET	Getting Resident with serial256
2011-09-02 07:27:54	DEBUG	INFORMATION	GENERAL	GET	Getting Resident with serial256
2011-09-02 07:28:03	DEBUG	INFORMATION	USER_LOGON	GET	Getting User Logon 
2011-09-02 07:28:03	DEBUG	INFORMATION	USER_LOGON	UPDATE	Inserting Or Updating User Logon With UserID:59
