2011-02-16 03:04:57	DEBUG	INFORMATION	USERS	GET	Validating The Current User with UserIdadmin; User Password:admin
2011-02-16 03:04:57	DEBUG	INFORMATION	USERS	GET	Getting List Of all the Users
2011-02-16 03:04:57	DEBUG	INFORMATION	CENSUS	GET	Getting List Of Census Admission from Sub Heads According to the given HeadId1
2011-02-16 03:04:57	DEBUG	INFORMATION	CENSUS	GET	Getting List Of Census Admission from Sub Heads According to the given HeadId2
2011-02-16 03:04:57	DEBUG	INFORMATION	CENSUS	GET	Getting List Of Census Admission from Sub Heads According to the given HeadId3
2011-02-16 03:04:57	DEBUG	INFORMATION	CENSUS	GET	Getting List Of Census Admission from Sub Heads According to the given HeadId4
2011-02-16 03:04:57	DEBUG	INFORMATION	CENSUS	GET	Getting List of Census Admission Transportation
2011-02-16 03:04:58	DEBUG	INFORMATION	USERS	GET	Getting all the information of Users
2011-02-16 03:04:58	DEBUG	INFORMATION	USERS_NURSE	GET	Getting The Nurse Record
2011-02-16 03:04:58	DEBUG	INFORMATION	USERS	GET	Getting all the information of Users
2011-02-16 03:04:58	DEBUG	INFORMATION	SECURITY	GET	Getting Security Role
2011-02-16 03:04:58	DEBUG	INFORMATION	SECURITY	GET	Getting Security Role
2011-02-16 03:04:58	DEBUG	INFORMATION	USER_LOGON	UPDATE	Inserting Or Updating User Logon With UserID:59
2011-02-16 03:05:00	DEBUG	INFORMATION	ADMIN_SCREENSAVER	GET	Getting Screen Saver Config
2011-02-16 03:05:03	DEBUG	INFORMATION	GENERAL	GET	Getting Resident Main with status
2011-02-16 03:05:04	DEBUG	INFORMATION	GENERAL	GET	Getting Resident Main with find fname ss1 and status 
2011-02-16 03:05:04	DEBUG	INFORMATION	GENERAL	GET	Getting Resident with serial130
2011-02-16 03:05:04	DEBUG	INFORMATION	GENERAL	GET	getting Resident Payers New Status
2011-02-16 03:05:05	DEBUG	INFORMATION	GENERAL	GET	Getting Resident with serial130
2011-02-16 03:05:05	DEBUG	INFORMATION	GENERAL	GET	Getting Resident with serial130
2011-02-16 03:05:05	DEBUG	INFORMATION	GENERAL	GET	Getting Resident with serial130
2011-02-16 03:05:05	DEBUG	INFORMATION	GENERAL	GET	Getting Resident with serial130
2011-02-16 03:05:05	DEBUG	INFORMATION	GENERAL	GET	Getting Resident with serial130
2011-02-16 03:05:05	DEBUG	INFORMATION	GENERAL	GET	Getting Resident with serial130
2011-02-16 03:05:06	DEBUG	INFORMATION	GENERAL	GET	Getting Resident with serial130
2011-02-16 03:05:06	DEBUG	INFORMATION	GENERAL	GET	Getting Resident with serial130
2011-02-16 03:05:13	DEBUG	INFORMATION	RESIDENT_PHYSICIANORDER	GET	Getting List Of All Phsycian Orders
2011-02-16 03:05:13	DEBUG	INFORMATION	RESIDENT_RESIDENTINFO_DIAGNOSIS	GET	Getting List of Resident Diagnosis Records
2011-02-16 03:05:14	DEBUG	INFORMATION	GENERAL	GET	Getting Resident with serial130
2011-02-16 03:05:14	DEBUG	INFORMATION	RESIDENT_RESIDENTINFO_DIAGNOSIS	GET	Getting List of Resident Diagnosis Records
2011-02-16 03:05:14	DEBUG	INFORMATION	RESIDENT_PHYSICIANORDER	GET	Getting List Of All Phsycian Orders
2011-02-16 03:05:14	DEBUG	INFORMATION	RESIDENT_RESIDENTINFO_DIAGNOSIS	GET	Getting List of Resident Diagnosis Records
2011-02-16 03:05:16	DEBUG	INFORMATION	GENERAL	GET	Getting Resident with serial130
2011-02-16 03:05:17	DEBUG	INFORMATION	USERS	GET	Getting all the information of Users
2011-02-16 03:05:17	DEBUG	INFORMATION	GENERAL	GET	Getting Resident with serial130
2011-02-16 03:05:17	DEBUG	INFORMATION	CENSUS_COUNT	GET	Getting List of ICD9s
2011-02-16 03:05:18	DEBUG	INFORMATION	RESIDENT_RESIDENTINFO_DIAGNOSIS	GET	Getting List of Resident Diagnosis Records
2011-02-16 03:05:18	DEBUG	INFORMATION	USERS	GET	Getting all the information of Users
2011-02-16 03:06:07	DEBUG	INFORMATION	USER_LOGON	GET	Getting User Logon 
2011-02-16 03:06:07	DEBUG	INFORMATION	USER_LOGON	UPDATE	Inserting Or Updating User Logon With UserID:59
2011-02-16 03:07:53	DEBUG	INFORMATION	USERS	GET	Validating The Current User with UserIdadmin; User Password:admin
2011-02-16 03:07:53	DEBUG	INFORMATION	USERS	GET	Getting List Of all the Users
2011-02-16 03:07:53	DEBUG	INFORMATION	CENSUS	GET	Getting List Of Census Admission from Sub Heads According to the given HeadId1
2011-02-16 03:07:53	DEBUG	INFORMATION	CENSUS	GET	Getting List Of Census Admission from Sub Heads According to the given HeadId2
2011-02-16 03:07:53	DEBUG	INFORMATION	CENSUS	GET	Getting List Of Census Admission from Sub Heads According to the given HeadId3
2011-02-16 03:07:53	DEBUG	INFORMATION	CENSUS	GET	Getting List Of Census Admission from Sub Heads According to the given HeadId4
2011-02-16 03:07:53	DEBUG	INFORMATION	CENSUS	GET	Getting List of Census Admission Transportation
2011-02-16 03:07:53	DEBUG	INFORMATION	USERS	GET	Getting all the information of Users
2011-02-16 03:07:53	DEBUG	INFORMATION	USERS_NURSE	GET	Getting The Nurse Record
2011-02-16 03:07:53	DEBUG	INFORMATION	USERS	GET	Getting all the information of Users
2011-02-16 03:07:53	DEBUG	INFORMATION	SECURITY	GET	Getting Security Role
2011-02-16 03:07:53	DEBUG	INFORMATION	SECURITY	GET	Getting Security Role
2011-02-16 03:07:53	DEBUG	INFORMATION	USER_LOGON	UPDATE	Inserting Or Updating User Logon With UserID:59
2011-02-16 03:07:54	DEBUG	INFORMATION	ADMIN_SCREENSAVER	GET	Getting Screen Saver Config
2011-02-16 03:07:56	DEBUG	INFORMATION	GENERAL	GET	Getting Resident Main with status
2011-02-16 03:07:56	DEBUG	INFORMATION	GENERAL	GET	Getting Resident Main with find fname ss1 and status 
2011-02-16 03:07:57	DEBUG	INFORMATION	GENERAL	GET	Getting Resident with serial130
2011-02-16 03:07:57	DEBUG	INFORMATION	GENERAL	GET	getting Resident Payers New Status
2011-02-16 03:07:57	DEBUG	INFORMATION	GENERAL	GET	Getting Resident with serial130
2011-02-16 03:07:57	DEBUG	INFORMATION	GENERAL	GET	Getting Resident with serial130
2011-02-16 03:07:57	DEBUG	INFORMATION	GENERAL	GET	Getting Resident with serial130
2011-02-16 03:07:57	DEBUG	INFORMATION	GENERAL	GET	Getting Resident with serial130
2011-02-16 03:07:57	DEBUG	INFORMATION	GENERAL	GET	Getting Resident with serial130
2011-02-16 03:07:57	DEBUG	INFORMATION	GENERAL	GET	Getting Resident with serial130
2011-02-16 03:07:57	DEBUG	INFORMATION	GENERAL	GET	Getting Resident with serial130
2011-02-16 03:07:57	DEBUG	INFORMATION	GENERAL	GET	Getting Resident with serial130
2011-02-16 03:08:00	DEBUG	INFORMATION	RESIDENT_PHYSICIANORDER	GET	Getting List Of All Phsycian Orders
2011-02-16 03:08:00	DEBUG	INFORMATION	RESIDENT_RESIDENTINFO_DIAGNOSIS	GET	Getting List of Resident Diagnosis Records
2011-02-16 03:08:00	DEBUG	INFORMATION	GENERAL	GET	Getting Resident with serial130
2011-02-16 03:08:00	DEBUG	INFORMATION	RESIDENT_RESIDENTINFO_DIAGNOSIS	GET	Getting List of Resident Diagnosis Records
2011-02-16 03:08:00	DEBUG	INFORMATION	RESIDENT_PHYSICIANORDER	GET	Getting List Of All Phsycian Orders
2011-02-16 03:08:00	DEBUG	INFORMATION	RESIDENT_RESIDENTINFO_DIAGNOSIS	GET	Getting List of Resident Diagnosis Records
2011-02-16 03:08:02	DEBUG	INFORMATION	GENERAL	GET	Getting Resident with serial130
2011-02-16 03:08:02	DEBUG	INFORMATION	USERS	GET	Getting all the information of Users
2011-02-16 03:08:02	DEBUG	INFORMATION	GENERAL	GET	Getting Resident with serial130
2011-02-16 03:08:02	DEBUG	INFORMATION	CENSUS_COUNT	GET	Getting List of ICD9s
2011-02-16 03:08:03	DEBUG	INFORMATION	RESIDENT_RESIDENTINFO_DIAGNOSIS	GET	Getting List of Resident Diagnosis Records
2011-02-16 03:08:03	DEBUG	INFORMATION	USERS	GET	Getting all the information of Users
2011-02-16 03:08:56	DEBUG	INFORMATION	USER_LOGON	GET	Getting User Logon 
2011-02-16 03:08:56	DEBUG	INFORMATION	USER_LOGON	UPDATE	Inserting Or Updating User Logon With UserID:59
