2012-07-02 06:28:01	DEBUG	INFORMATION	USERS	GET	Validating The Current User with UserIdadmin; User Password:admin
2012-07-02 06:28:01	DEBUG	INFORMATION	USERS	GET	Getting List Of all the Users
2012-07-02 06:28:01	DEBUG	INFORMATION	CENSUS	GET	Getting List Of Census Admission from Sub Heads According to the given HeadId1
2012-07-02 06:28:01	DEBUG	INFORMATION	CENSUS	GET	Getting List Of Census Admission from Sub Heads According to the given HeadId2
2012-07-02 06:28:01	DEBUG	INFORMATION	CENSUS	GET	Getting List Of Census Admission from Sub Heads According to the given HeadId3
2012-07-02 06:28:01	DEBUG	INFORMATION	CENSUS	GET	Getting List Of Census Admission from Sub Heads According to the given HeadId4
2012-07-02 06:28:02	DEBUG	INFORMATION	CENSUS	GET	Getting List of Census Admission Transportation
2012-07-02 06:28:02	DEBUG	INFORMATION	USERS	GET	Getting all the information of Users
2012-07-02 06:28:02	DEBUG	INFORMATION	USERS_NURSE	GET	Getting The Nurse Record
2012-07-02 06:28:02	DEBUG	INFORMATION	USERS	GET	Getting all the information of Users
2012-07-02 06:28:02	DEBUG	INFORMATION	SECURITY	GET	Getting Security Role
2012-07-02 06:28:02	DEBUG	INFORMATION	SECURITY	GET	Getting Security Role
2012-07-02 06:28:02	DEBUG	INFORMATION	USER_LOGON	UPDATE	Inserting Or Updating User Logon With UserID:59
2012-07-02 06:28:04	DEBUG	INFORMATION	ADMIN_SCREENSAVER	GET	Getting Screen Saver Config
2012-07-02 06:28:15	DEBUG	INFORMATION	GENERAL	GET	Getting Resident Main with status
2012-07-02 06:28:16	DEBUG	INFORMATION	GENERAL	GET	Getting Resident Main with find fname ss1 and status 
2012-07-02 06:28:16	DEBUG	INFORMATION	GENERAL	GET	Getting Resident with serial130
2012-07-02 06:28:16	DEBUG	INFORMATION	GENERAL	GET	getting Resident Payers New Status
2012-07-02 06:28:17	DEBUG	INFORMATION	GENERAL	GET	Getting Resident with serial130
2012-07-02 06:28:18	DEBUG	INFORMATION	GENERAL	GET	Getting Resident with serial130
2012-07-02 06:28:18	DEBUG	INFORMATION	GENERAL	GET	Getting Resident with serial130
2012-07-02 06:28:18	DEBUG	INFORMATION	GENERAL	GET	Getting Resident with serial130
2012-07-02 06:28:19	DEBUG	INFORMATION	GENERAL	GET	Getting Resident with serial130
2012-07-02 06:28:19	DEBUG	INFORMATION	GENERAL	GET	Getting Resident with serial130
2012-07-02 06:28:19	DEBUG	INFORMATION	GENERAL	GET	Getting Resident with serial130
2012-07-02 06:28:19	DEBUG	INFORMATION	GENERAL	GET	Getting Resident with serial130
2012-07-02 06:28:24	DEBUG	INFORMATION	GENERAL	GET	Getting Resident with serial53
2012-07-02 06:28:24	DEBUG	INFORMATION	GENERAL	GET	getting Resident Payers New Status
2012-07-02 06:28:24	DEBUG	INFORMATION	GENERAL	GET	Getting Resident with serial53
2012-07-02 06:28:24	DEBUG	INFORMATION	GENERAL	GET	Getting Resident with serial53
2012-07-02 06:28:24	DEBUG	INFORMATION	GENERAL	GET	Getting Resident with serial53
2012-07-02 06:28:24	DEBUG	INFORMATION	GENERAL	GET	Getting Resident with serial53
2012-07-02 06:28:24	DEBUG	INFORMATION	GENERAL	GET	Getting Resident with serial53
2012-07-02 06:28:24	DEBUG	INFORMATION	GENERAL	GET	getting Resident Payers New Status
2012-07-02 06:28:24	DEBUG	INFORMATION	GENERAL	GET	Getting Resident with serial53
2012-07-02 06:28:24	DEBUG	INFORMATION	GENERAL	GET	Getting Resident with serial53
2012-07-02 06:28:24	DEBUG	INFORMATION	GENERAL	GET	Getting Resident with serial53
2012-07-02 06:28:24	DEBUG	INFORMATION	GENERAL	GET	Getting Resident with serial53
2012-07-02 06:28:25	DEBUG	INFORMATION	GENERAL	GET	Getting Resident with serial102
2012-07-02 06:28:25	DEBUG	INFORMATION	GENERAL	GET	getting Resident Payers New Status
2012-07-02 06:28:25	DEBUG	INFORMATION	GENERAL	GET	Getting Resident with serial102
2012-07-02 06:28:25	DEBUG	INFORMATION	GENERAL	GET	Getting Resident with serial102
2012-07-02 06:28:25	DEBUG	INFORMATION	GENERAL	GET	Getting Resident with serial102
2012-07-02 06:28:25	DEBUG	INFORMATION	GENERAL	GET	Getting Resident with serial102
2012-07-02 06:28:25	DEBUG	INFORMATION	GENERAL	GET	Getting Resident with serial102
2012-07-02 06:28:25	DEBUG	INFORMATION	GENERAL	GET	getting Resident Payers New Status
2012-07-02 06:28:25	DEBUG	INFORMATION	GENERAL	GET	Getting Resident with serial102
2012-07-02 06:28:25	DEBUG	INFORMATION	GENERAL	GET	Getting Resident with serial102
2012-07-02 06:28:25	DEBUG	INFORMATION	GENERAL	GET	Getting Resident with serial102
2012-07-02 06:28:25	DEBUG	INFORMATION	GENERAL	GET	Getting Resident with serial102
2012-07-02 06:28:26	DEBUG	INFORMATION	GENERAL	GET	Getting Resident with serial48
2012-07-02 06:28:26	DEBUG	INFORMATION	GENERAL	GET	getting Resident Payers New Status
2012-07-02 06:28:26	DEBUG	INFORMATION	GENERAL	GET	Getting Resident with serial48
2012-07-02 06:28:26	DEBUG	INFORMATION	GENERAL	GET	Getting Resident with serial48
2012-07-02 06:28:26	DEBUG	INFORMATION	GENERAL	GET	Getting Resident with serial48
2012-07-02 06:28:26	DEBUG	INFORMATION	GENERAL	GET	Getting Resident with serial48
2012-07-02 06:28:26	DEBUG	INFORMATION	GENERAL	GET	Getting Resident with serial48
2012-07-02 06:28:26	DEBUG	INFORMATION	GENERAL	GET	getting Resident Payers New Status
2012-07-02 06:28:26	DEBUG	INFORMATION	GENERAL	GET	Getting Resident with serial48
2012-07-02 06:28:26	DEBUG	INFORMATION	GENERAL	GET	Getting Resident with serial48
2012-07-02 06:28:27	DEBUG	INFORMATION	GENERAL	GET	Getting Resident with serial48
2012-07-02 06:28:27	DEBUG	INFORMATION	GENERAL	GET	Getting Resident with serial48
2012-07-02 06:28:27	DEBUG	INFORMATION	GENERAL	GET	Getting Resident with serial138
2012-07-02 06:28:27	DEBUG	INFORMATION	GENERAL	GET	getting Resident Payers New Status
2012-07-02 06:28:27	DEBUG	INFORMATION	GENERAL	GET	Getting Resident with serial138
2012-07-02 06:28:27	DEBUG	INFORMATION	GENERAL	GET	Getting Resident with serial138
2012-07-02 06:28:27	DEBUG	INFORMATION	GENERAL	GET	Getting Resident with serial138
2012-07-02 06:28:27	DEBUG	INFORMATION	GENERAL	GET	Getting Resident with serial138
2012-07-02 06:28:28	DEBUG	INFORMATION	GENERAL	GET	Getting Resident with serial138
2012-07-02 06:28:28	DEBUG	INFORMATION	GENERAL	GET	getting Resident Payers New Status
2012-07-02 06:28:28	DEBUG	INFORMATION	GENERAL	GET	Getting Resident with serial138
2012-07-02 06:28:28	DEBUG	INFORMATION	GENERAL	GET	Getting Resident with serial138
2012-07-02 06:28:28	DEBUG	INFORMATION	GENERAL	GET	Getting Resident with serial138
2012-07-02 06:28:28	DEBUG	INFORMATION	GENERAL	GET	Getting Resident with serial138
2012-07-02 06:28:29	DEBUG	INFORMATION	GENERAL	GET	Getting Resident with serial138
2012-07-02 06:28:29	DEBUG	INFORMATION	GENERAL	UPDATE	Updating Insurance Count
2012-07-02 06:28:29	DEBUG	INFORMATION	GENERAL	GET	getting Resident Payers New
2012-07-02 06:28:38	DEBUG	INFORMATION	USERS	GET	Getting all the information of Users
2012-07-02 06:28:38	DEBUG	INFORMATION	SECURITY	GET	Getting Security Role
2012-07-02 06:28:38	DEBUG	INFORMATION	SECURITY	GET	Getting Security Role
2012-07-02 06:28:38	DEBUG	INFORMATION	USERS	GET	Getting all the information of Users
2012-07-02 06:28:38	DEBUG	INFORMATION	SECURITY	GET	Getting Security Role
2012-07-02 06:28:38	DEBUG	INFORMATION	SECURITY	GET	Getting Security Role
2012-07-02 06:28:38	DEBUG	INFORMATION	USERS	GET	Getting all the information of Users
2012-07-02 06:28:38	DEBUG	INFORMATION	SECURITY	GET	Getting Security Role
2012-07-02 06:28:38	DEBUG	INFORMATION	SECURITY	GET	Getting Security Role
2012-07-02 06:28:38	DEBUG	INFORMATION	USERS	GET	Getting all the information of Users
2012-07-02 06:28:38	DEBUG	INFORMATION	SECURITY	GET	Getting Security Role
2012-07-02 06:28:38	DEBUG	INFORMATION	SECURITY	GET	Getting Security Role
2012-07-02 06:28:39	DEBUG	INFORMATION	MESSAGES	GET	Getting List of Messages Records on Resident Serial:59
2012-07-02 06:28:40	DEBUG	INFORMATION	MESSAGES	GET	Getting List of Messages Records on Resident Serial:59
2012-07-02 06:28:41	DEBUG	INFORMATION	USER_LOGON	GET	Getting List Of User Logons 
2012-07-02 06:28:43	DEBUG	INFORMATION	SECURITY	GET	Getting List Of All Application Roles
2012-07-02 06:28:43	DEBUG	INFORMATION	USERS	GET	Getting all the information of Users
2012-07-02 06:28:43	DEBUG	INFORMATION	SECURITY	GET	Getting Security Role
2012-07-02 06:28:43	DEBUG	INFORMATION	SECURITY	GET	Getting Security Role
2012-07-02 06:28:43	DEBUG	INFORMATION	SECURITY	GET	Getting List Of All Application Roles
2012-07-02 06:28:43	DEBUG	INFORMATION	USERS	GET	Getting all the information of Users
2012-07-02 06:28:43	DEBUG	INFORMATION	SECURITY	GET	Getting Security Role
2012-07-02 06:28:43	DEBUG	INFORMATION	SECURITY	GET	Getting Security Role
2012-07-02 06:28:43	DEBUG	INFORMATION	SECURITY	GET	Getting List Of All Application Roles
2012-07-02 06:28:43	DEBUG	INFORMATION	USERS	GET	Getting all the information of Users
2012-07-02 06:28:43	DEBUG	INFORMATION	SECURITY	GET	Getting Security Role
2012-07-02 06:28:43	DEBUG	INFORMATION	SECURITY	GET	Getting Security Role
2012-07-02 06:29:23	DEBUG	INFORMATION	USERS	GET	Getting List Of all the Users
2012-07-02 06:29:23	DEBUG	INFORMATION	GENERAL	GET	Getting Residents in first floor
2012-07-02 06:29:25	DEBUG	INFORMATION	GENERAL	GET	Getting Residents in Second floor
2012-07-02 06:29:58	DEBUG	INFORMATION	USER_LOGON	GET	Getting User Logon 
2012-07-02 06:29:58	DEBUG	INFORMATION	USER_LOGON	UPDATE	Inserting Or Updating User Logon With UserID:59
2012-07-02 07:26:11	DEBUG	INFORMATION	USERS	GET	Validating The Current User with UserIdadmin; User Password:admin
2012-07-02 07:26:12	DEBUG	INFORMATION	USERS	GET	Getting List Of all the Users
2012-07-02 07:26:12	DEBUG	INFORMATION	CENSUS	GET	Getting List Of Census Admission from Sub Heads According to the given HeadId1
2012-07-02 07:26:12	DEBUG	INFORMATION	CENSUS	GET	Getting List Of Census Admission from Sub Heads According to the given HeadId2
2012-07-02 07:26:12	DEBUG	INFORMATION	CENSUS	GET	Getting List Of Census Admission from Sub Heads According to the given HeadId3
2012-07-02 07:26:12	DEBUG	INFORMATION	CENSUS	GET	Getting List Of Census Admission from Sub Heads According to the given HeadId4
2012-07-02 07:26:12	DEBUG	INFORMATION	CENSUS	GET	Getting List of Census Admission Transportation
2012-07-02 07:26:12	DEBUG	INFORMATION	USERS	GET	Getting all the information of Users
2012-07-02 07:26:12	DEBUG	INFORMATION	USERS_NURSE	GET	Getting The Nurse Record
2012-07-02 07:26:12	DEBUG	INFORMATION	USERS	GET	Getting all the information of Users
2012-07-02 07:26:12	DEBUG	INFORMATION	SECURITY	GET	Getting Security Role
2012-07-02 07:26:12	DEBUG	INFORMATION	SECURITY	GET	Getting Security Role
2012-07-02 07:26:12	DEBUG	INFORMATION	USER_LOGON	UPDATE	Inserting Or Updating User Logon With UserID:59
2012-07-02 07:26:14	DEBUG	INFORMATION	ADMIN_SCREENSAVER	GET	Getting Screen Saver Config
2012-07-02 07:26:21	DEBUG	INFORMATION	MESSAGES	GET	Getting List of Messages Records on Resident Serial:59
2012-07-02 07:26:21	DEBUG	INFORMATION	MESSAGES	GET	Getting List of Messages Records on Resident Serial:59
2012-07-02 07:26:23	DEBUG	INFORMATION	GENERAL	GET	Getting Resident Main with status
2012-07-02 07:26:24	DEBUG	INFORMATION	GENERAL	GET	Getting Resident Main with find fname ss1 and status 
2012-07-02 07:26:24	DEBUG	INFORMATION	GENERAL	GET	Getting Resident with serial130
2012-07-02 07:26:24	DEBUG	INFORMATION	GENERAL	GET	getting Resident Payers New Status
2012-07-02 07:26:24	DEBUG	INFORMATION	GENERAL	GET	Getting Resident with serial130
2012-07-02 07:26:25	DEBUG	INFORMATION	GENERAL	GET	Getting Resident with serial130
2012-07-02 07:26:25	DEBUG	INFORMATION	GENERAL	GET	Getting Resident with serial130
2012-07-02 07:26:25	DEBUG	INFORMATION	GENERAL	GET	Getting Resident with serial130
2012-07-02 07:26:26	DEBUG	INFORMATION	GENERAL	GET	Getting Resident with serial130
2012-07-02 07:26:26	DEBUG	INFORMATION	GENERAL	GET	Getting Resident with serial130
2012-07-02 07:26:26	DEBUG	INFORMATION	GENERAL	GET	Getting Resident with serial130
2012-07-02 07:26:26	DEBUG	INFORMATION	GENERAL	GET	Getting Resident with serial130
2012-07-02 07:26:27	DEBUG	INFORMATION	GENERAL	GET	Getting Resident with serial130
2012-07-02 07:26:27	DEBUG	INFORMATION	DASHBOARD	GET	Getting List Of All Pending Forms By Resident ID:130
2012-07-02 07:26:30	DEBUG	INFORMATION	GENERAL	GET	Getting Resident with serial130
2012-07-02 07:26:30	DEBUG	INFORMATION	RESIDENT_ACTIVITY	GET	Getting Resident Activity Records 
2012-07-02 07:26:31	DEBUG	INFORMATION	GENERAL	GET	Getting Resident with serial130
2012-07-02 07:26:31	DEBUG	INFORMATION	GENERAL	GET	Getting Resident with serial130
2012-07-02 07:26:31	DEBUG	INFORMATION	GENERAL	GET	Getting Resident with serial130
2012-07-02 07:26:31	DEBUG	INFORMATION	GENERAL	GET	Getting Resident with serial130
2012-07-02 07:26:32	DEBUG	INFORMATION	GENERAL	GET	Getting Resident with serial130
2012-07-02 07:26:32	DEBUG	INFORMATION	DASHBOARD	GET	Getting List Of All Pending Forms By Resident ID:130
2012-07-02 07:26:34	DEBUG	INFORMATION	GENERAL	GET	Getting Resident with serial130
2012-07-02 07:26:34	DEBUG	INFORMATION	RESIDENT_ACTIVITY	GET	Getting Resident Activity Records 
2012-07-02 07:26:40	DEBUG	INFORMATION	GENERAL	GET	Getting Resident with serial130
2012-07-02 07:26:40	DEBUG	INFORMATION	RESIDENT_ADDMISSION	GET	Getting Admission records on resident serial
2012-07-02 07:26:43	DEBUG	INFORMATION	RESIDENT_RESIDENTINFO_PHYSICIAN	GET	Getting The List of All physician Forms
2012-07-02 07:26:43	DEBUG	INFORMATION	USERS_DOCTORS	GET	Getting Doctors Record
2012-07-02 07:26:43	DEBUG	INFORMATION	USERS_DOCTORS	GET	Getting Doctors Record
2012-07-02 07:26:43	DEBUG	INFORMATION	USERS_DOCTORS	GET	Getting Doctors Record
2012-07-02 07:26:43	DEBUG	INFORMATION	USERS_DOCTORS	GET	Getting Doctors Record
2012-07-02 07:26:43	DEBUG	INFORMATION	USERS_NURSE	GET	Getting a list of all The Nurse Records
2012-07-02 07:26:43	DEBUG	INFORMATION	GENERAL	GET	Getting Resident with serial130
2012-07-02 07:26:43	DEBUG	INFORMATION	GENERAL	GET	Getting Resident with serial130
2012-07-02 07:26:43	DEBUG	INFORMATION	CENSUS	GET	Getting Census Status-getLastAdmission
2012-07-02 07:26:43	DEBUG	INFORMATION	CENSUS	GET	Getting Census Admission from Sub Heads
2012-07-02 07:26:43	DEBUG	INFORMATION	CENSUS	GET	Getting Census Admission Transportation
2012-07-02 07:26:43	DEBUG	INFORMATION	RESIDENT_RESIDENTINFO_DIAGNOSIS	GET	Getting List of Resident Diagnosis Records
2012-07-02 07:26:44	DEBUG	INFORMATION	GENERAL	GET	Getting Resident with serial130
2012-07-02 07:26:44	DEBUG	INFORMATION	GENERAL	GET	Getting Resident with serial130
2012-07-02 07:26:44	DEBUG	INFORMATION	CENSUS	GET	Getting Census Status-getLastAdmission
2012-07-02 07:26:44	DEBUG	INFORMATION	CENSUS	GET	Getting Census Admission from Sub Heads
2012-07-02 07:26:44	DEBUG	INFORMATION	CENSUS	GET	Getting Census Admission Transportation
2012-07-02 07:26:44	DEBUG	INFORMATION	GENERAL	GET	Getting Resident with serial130
2012-07-02 07:26:47	DEBUG	INFORMATION	USERS_NURSE	GET	Getting a list of all The Nurse Records
2012-07-02 07:26:47	DEBUG	INFORMATION	GENERAL	GET	Getting Resident with serial130
2012-07-02 07:26:59	DEBUG	INFORMATION	RESIDENT_ADDMISSION	GET	Getting Admission records on resident serial
2012-07-02 07:27:02	DEBUG	INFORMATION	USER_LOGON	GET	Getting User Logon 
2012-07-02 07:27:02	DEBUG	INFORMATION	USER_LOGON	UPDATE	Inserting Or Updating User Logon With UserID:59
