2011-03-29 03:04:34	DEBUG	INFORMATION	USERS	GET	Validating The Current User with UserIdadmin; User Password:admin
2011-03-29 03:04:34	DEBUG	INFORMATION	USERS	GET	Getting List Of all the Users
2011-03-29 03:04:34	DEBUG	INFORMATION	CENSUS	GET	Getting List Of Census Admission from Sub Heads According to the given HeadId1
2011-03-29 03:04:34	DEBUG	INFORMATION	CENSUS	GET	Getting List Of Census Admission from Sub Heads According to the given HeadId2
2011-03-29 03:04:34	DEBUG	INFORMATION	CENSUS	GET	Getting List Of Census Admission from Sub Heads According to the given HeadId3
2011-03-29 03:04:34	DEBUG	INFORMATION	CENSUS	GET	Getting List Of Census Admission from Sub Heads According to the given HeadId4
2011-03-29 03:04:34	DEBUG	INFORMATION	CENSUS	GET	Getting List of Census Admission Transportation
2011-03-29 03:04:34	DEBUG	INFORMATION	USERS	GET	Getting all the information of Users
2011-03-29 03:04:34	DEBUG	INFORMATION	USERS_NURSE	GET	Getting The Nurse Record
2011-03-29 03:04:34	DEBUG	INFORMATION	USERS	GET	Getting all the information of Users
2011-03-29 03:04:34	DEBUG	INFORMATION	SECURITY	GET	Getting Security Role
2011-03-29 03:04:34	DEBUG	INFORMATION	SECURITY	GET	Getting Security Role
2011-03-29 03:04:34	DEBUG	INFORMATION	USER_LOGON	UPDATE	Inserting Or Updating User Logon With UserID:59
2011-03-29 03:04:35	DEBUG	INFORMATION	ADMIN_SCREENSAVER	GET	Getting Screen Saver Config
2011-03-29 03:04:53	DEBUG	INFORMATION	GENERAL	GET	Getting Resident Main with status
2011-03-29 03:04:53	DEBUG	INFORMATION	GENERAL	GET	Getting Resident Main with find fname ss1 and status 
2011-03-29 03:04:53	DEBUG	INFORMATION	GENERAL	GET	Getting Resident with serial130
2011-03-29 03:04:53	DEBUG	INFORMATION	GENERAL	GET	getting Resident Payers New Status
2011-03-29 03:04:54	DEBUG	INFORMATION	GENERAL	GET	Getting Resident with serial130
2011-03-29 03:04:54	DEBUG	INFORMATION	GENERAL	GET	Getting Resident with serial130
2011-03-29 03:04:54	DEBUG	INFORMATION	GENERAL	GET	Getting Resident with serial130
2011-03-29 03:04:54	DEBUG	INFORMATION	GENERAL	GET	Getting Resident with serial130
2011-03-29 03:04:54	DEBUG	INFORMATION	GENERAL	GET	Getting Resident with serial130
2011-03-29 03:04:54	DEBUG	INFORMATION	GENERAL	GET	Getting Resident with serial130
2011-03-29 03:04:54	DEBUG	INFORMATION	GENERAL	GET	Getting Resident with serial130
2011-03-29 03:04:54	DEBUG	INFORMATION	GENERAL	GET	Getting Resident with serial130
2011-03-29 03:05:06	DEBUG	INFORMATION	CENSUS_COUNT	GET	Getting if resident exist inhouse or not
2011-03-29 03:05:34	DEBUG	INFORMATION	USER_LOGON	GET	Getting User Logon 
2011-03-29 03:05:34	DEBUG	INFORMATION	USER_LOGON	UPDATE	Inserting Or Updating User Logon With UserID:59
